09-28 05:33:54.369 GsmServiceStateTracker: hasGprsDetached
09-28 05:33:54.369 GsmServiceStateTracker: hasDataRegStateChanged
09-28 05:33:54.369 TelephonyRegistry: notifyDataConnection(default, 0, 0)
09-28 05:33:53.169 DcTracker: onDataStateChanged: dc->cid=0 not added to retry list
09-28 05:33:53.169 DcTracker: onDataStateChanged: inactive failCause=ERROR_UNSPECIFIED
09-28 05:33:53.239 DcTracker: onDataStateChanged: send EVENT_LOST_CONNECTION dc.mTag=2
09-28 05:33:53.379 DefaultPhoneNotifier: notifyServiceState, ServiceState=0,0,home,SKTelecom,SKTelecom,45005,auto,LTE,LTE
09-28 05:33:53.389 GsmServiceStateTracker: hasGprsAttached
09-28 05:33:53.389 GsmServiceStateTracker: hasDataRegStateChanged
09-28 05:33:53.459 DataConnection: DcActiveState EVENT_LOST_CONNECTION startRetryAlarm, mTag=2, delay=5056 ms
09-28 05:33:53.489 DataConnection: DcInactiveState: enter notifyAllDisconnectCompleted failCause=LOST_CONNECTION
09-28 05:33:53.569 DcTracker: isDataAllowed - allowed(1) { [attachedState|mAutoAttachOnCreation=(1,1)], recordsLoaded(1), [getState|isConcurrentVoiceAndDataAllowed=(0,1)] [!getRoaming|getDataOnRoamingEnabled=(1,1)] !mIsPsRestricted(1)  }
09-28 05:33:53.619 TelephonyRegistry: notifyDataConnection(default, 1, 0)
09-28 05:34:14.139         : Http Error[1010]
09-28 16:32:37.579         : Http Error[1008]
09-28 16:33:38.079 IccCardProxy: Broadcasting intent ACTION_SIM_STATE_CHANGED NOT_READY reason 
09-28 16:33:43.689 TelephonyRegistry: notifyDataConnection(default, 0, 0)
09-28 16:33:43.589 DefaultPhoneNotifier: notifyServiceState, ServiceState=0,0,home,SKTelecom,SKTelecom,45005,auto,LTE,LTE
09-28 16:33:44.219 GsmServiceStateTracker: hasGprsAttached
09-28 16:33:44.249 GsmServiceStateTracker: hasDataRegStateChanged
09-28 16:33:48.499 IccCardProxy: Icc changed. Reregestering.
09-28 16:33:48.509 IccCardProxy: Broadcasting intent ACTION_SIM_STATE_CHANGED READY reason 
09-28 16:33:49.719 DcTracker: isDataAllowed - allowed(0) { [attachedState|mAutoAttachOnCreation=(1,0)], recordsLoaded(0), [getState|isConcurrentVoiceAndDataAllowed=(0,1)] [!getRoaming|getDataOnRoamingEnabled=(1,1)] !mIsPsRestricted(1)  }
09-28 16:33:49.739 DcTracker: isDataAllowed: not allowed due to= - SIM not loaded
09-28 16:33:49.749 DcTracker: isReady(1), isDataAllowed(0)
09-28 16:33:49.839 DcTracker: trySetupData: X apnContext not 'ready' retValue=false
09-28 16:33:52.009 IccCardProxy: Broadcasting intent ACTION_SIM_STATE_CHANGED IMSI reason 
09-28 16:33:53.139 SIMRecords: SIM records loaded, notify registrants
09-28 16:33:57.119 DcTracker: isDataAllowed - allowed(1) { [attachedState|mAutoAttachOnCreation=(1,0)], recordsLoaded(1), [getState|isConcurrentVoiceAndDataAllowed=(0,1)] [!getRoaming|getDataOnRoamingEnabled=(1,1)] !mIsPsRestricted(1)  }
09-28 16:33:59.069 IccCardProxy: Broadcasting intent ACTION_SIM_STATE_CHANGED LOADED reason 
09-28 18:25:25.932 IccCardProxy: Broadcasting intent ACTION_SIM_STATE_CHANGED NOT_READY reason 
09-28 18:25:26.312 TelephonyRegistry: notifyDataConnection(default, 0, 0)
09-28 18:25:26.169 IccCardProxy: Icc changed. Reregestering.
09-28 18:25:26.169 IccCardProxy: Broadcasting intent ACTION_SIM_STATE_CHANGED READY reason 
09-28 18:25:26.209 DefaultPhoneNotifier: notifyServiceState, ServiceState=0,0,home,SKTelecom,SKTelecom,45005,auto,LTE,LTE
09-28 18:25:26.249 GsmServiceStateTracker: hasGprsAttached
09-28 18:25:26.249 GsmServiceStateTracker: hasDataRegStateChanged
09-28 18:25:26.379 DcTracker: isDataAllowed - allowed(0) { [attachedState|mAutoAttachOnCreation=(1,0)], recordsLoaded(0), [getState|isConcurrentVoiceAndDataAllowed=(0,1)] [!getRoaming|getDataOnRoamingEnabled=(1,1)] !mIsPsRestricted(1)  }
09-28 18:25:26.379 DcTracker: isDataAllowed: not allowed due to= - SIM not loaded
09-28 18:25:26.389 DcTracker: isReady(1), isDataAllowed(0)
09-28 18:25:26.389 DcTracker: trySetupData: X apnContext not 'ready' retValue=false
09-28 18:25:26.399 IccCardProxy: Broadcasting intent ACTION_SIM_STATE_CHANGED IMSI reason 
09-28 18:25:26.419 SIMRecords: SIM records loaded, notify registrants
09-28 18:25:26.609 DcTracker: isDataAllowed - allowed(1) { [attachedState|mAutoAttachOnCreation=(1,0)], recordsLoaded(1), [getState|isConcurrentVoiceAndDataAllowed=(0,1)] [!getRoaming|getDataOnRoamingEnabled=(1,1)] !mIsPsRestricted(1)  }
09-28 18:25:26.849 IccCardProxy: Broadcasting intent ACTION_SIM_STATE_CHANGED LOADED reason 
09-28 18:25:27.049 DataConnection: onSetupConnectionCompleted: response->status(65535), so Set SetupResult::ERR_RilError
09-28 18:25:32.159 DataConnection: DcRetryingState EVENT_RETRY_CONNECTION, tag=2, = mTag:2  RetryCount(1)
09-28 18:25:36.069 TelephonyRegistry: notifyDataConnection(default, 2, 0)
09-29 04:07:29.519 DefaultPhoneNotifier: notifyServiceState, ServiceState=0,0,home,KOR SK Telecom,SKT,45005,auto,UMTS,HSPA
09-29 04:07:29.619 GsmServiceStateTracker: hasDataRegStateChanged
09-29 04:07:31.029 DefaultPhoneNotifier: notifyServiceState, ServiceState=0,0,home,SKTelecom,SKTelecom,45005,auto,UMTS,HSPA
09-29 04:07:31.689 DefaultPhoneNotifier: notifyPreciseCallState, state=5
09-29 04:07:31.719 DefaultPhoneNotifier: notifyPreciseCallState, state=8
09-29 04:07:31.979 DefaultPhoneNotifier: notifyDisconnect, cause=16
09-29 04:07:31.989 DefaultPhoneNotifier: notifyPreciseCallState, state=0
09-29 04:07:31.999 DefaultPhoneNotifier: notifyPreciseCallState, state=0
09-29 04:07:33.109 DefaultPhoneNotifier: notifyServiceState, ServiceState=0,0,home,SKTelecom,SKTelecom,45005,auto,LTE,LTE
09-29 04:07:33.119 GsmServiceStateTracker: hasDataRegStateChanged
09-29 05:32:32.749 DefaultPhoneNotifier: notifyServiceState, ServiceState=0,0,home,SKTelecom,SKTelecom,45005,auto,UMTS,HSPA
09-29 05:32:32.749 GsmServiceStateTracker: hasDataRegStateChanged
09-29 05:32:34.709 DefaultPhoneNotifier: notifyPreciseCallState, state=5
09-29 05:32:34.709 DefaultPhoneNotifier: notifyPreciseCallState, state=8
09-29 05:32:35.019 DefaultPhoneNotifier: notifyDisconnect, cause=16
09-29 05:32:35.029 DefaultPhoneNotifier: notifyPreciseCallState, state=0
09-29 05:32:35.039 DefaultPhoneNotifier: notifyPreciseCallState, state=0
09-29 05:32:36.149 DefaultPhoneNotifier: notifyServiceState, ServiceState=0,0,home,SKTelecom,SKTelecom,45005,auto,LTE,LTE
09-29 05:32:36.149 GsmServiceStateTracker: hasDataRegStateChanged
